<?xml version="1.0" encoding="UTF-8"?>
<!-- Generated by org.testng.reporters.JUnitReportReporter -->
<testsuite hostname="KarinaHPLaptop" failures="0" tests="1" name="com.project.extra.LoginTest" time="0.001" errors="0" timestamp="31 Mar 2023 21:18:34 GMT" skipped="0">
  <testcase classname="com.project.extra.LoginTest" name="LoginUser" time="0.001"/>
</testsuite> <!-- com.project.extra.LoginTest -->
