<?xml version="1.0" encoding="UTF-8"?>
<!-- Generated by org.testng.reporters.JUnitReportReporter -->
<testsuite hostname="KarinaHPLaptop" failures="0" tests="2" name="com.project.extra.SearchProductTest" time="0.001" errors="0" timestamp="31 Mar 2023 21:18:34 GMT" skipped="1">
  <testcase classname="com.project.extra.SearchProductTest" name="SearchProductUser" time="0.001"/>
  <testcase classname="com.project.extra.SearchProductTest" name="searchSpecificProductTest">
    <skipped/>
  </testcase> <!-- searchSpecificProductTest -->
</testsuite> <!-- com.project.extra.SearchProductTest -->
