<?xml version="1.0" encoding="UTF-8"?>
<!-- Generated by org.testng.reporters.JUnitReportReporter -->
<testsuite hostname="KarinaHPLaptop" failures="0" tests="2" name="com.project.extra.SearchProductTest" time="0.006" errors="0" timestamp="28 Mar 2023 01:18:28 GMT" skipped="1">
  <testcase classname="com.project.extra.SearchProductTest" name="SearchProductUser" time="0.006"/>
  <testcase classname="com.project.extra.SearchProductTest" name="searchSpecificProductTest">
    <skipped/>
  </testcase> <!-- searchSpecificProductTest -->
</testsuite> <!-- com.project.extra.SearchProductTest -->
