<?xml version="1.0" encoding="UTF-8"?>
<!-- Generated by org.testng.reporters.JUnitReportReporter -->
<testsuite hostname="KarinaHPLaptop" failures="0" tests="1" name="com.project.extra.RegisterTest" time="0.014" errors="0" timestamp="2023-03-23T22:57:09 EDT" skipped="0">
  <testcase classname="com.project.extra.RegisterTest" name="RegisterUser" time="0.014"/>
  <system-out/>
</testsuite> <!-- com.project.extra.RegisterTest -->
