<?xml version="1.0" encoding="UTF-8"?>
<!-- Generated by org.testng.reporters.JUnitReportReporter -->
<testsuite hostname="KarinaHPLaptop" failures="0" tests="1" name="com.project.extra.LoginTest" time="0.002" errors="0" timestamp="2023-03-23T22:57:09 EDT" skipped="0">
  <testcase classname="com.project.extra.LoginTest" name="LoginUser" time="0.002"/>
  <system-out/>
</testsuite> <!-- com.project.extra.LoginTest -->
