<?xml version="1.0" encoding="UTF-8"?>
<!-- Generated by org.testng.reporters.JUnitReportReporter -->
<testsuite skipped="0" hostname="KarinaHPLaptop" name="com.project.extra.LogoutTest" tests="1" failures="0" timestamp="27 Mar 2023 21:03:53 GMT" time="0.000" errors="0">
  <testcase name="LogoutUser" time="0.000" classname="com.project.extra.LogoutTest"/>
</testsuite> <!-- com.project.extra.LogoutTest -->
